[01:46:54] [main/INFO]: Logging in with username & password
[01:47:00] [main/INFO]: Setting user: goldengamer10
[01:47:04] [Client thread/INFO]: LWJGL Version: 2[01:47[01:47:06] [Twitch authenticator/ERROR]: Given tw[01:47:14] [Client thread/INFO]: Reloading ResourceManager: Default, FMLFil[01:47:16] [Server thread/INFO]: Loading properties
[01:47:16] [Server thread/INFO]: Default game type: SURVIVAL
[01:47:16] [Server thread/INFO]: Generating keypair
[01:47:16] [Server thread/INFO]: S[01:47:17] [Client thread/INFO]: Created: 16x16 textures/blocks-atlas
[01:47:17] [Client thread/INFO]: Created: 16x16 textures/items-atlas
[01:47:17] [Client thread/INFO]: Reloading ResourceManager: Default, FMLFileResourcePack:Forge Mod Loader, FMLFileResourcePack:Minecraft Forge, FMLFileResourcePack:Not Enough Items, FMLFileResourcePack:Vortexcraft
[01:47:18] [Client thread/INFO]: Created: 512x256 textures/blocks-atlas
[01:47:18] [Client thread/INFO]: Created: 256x256 textures/items-atlas
[01:47:18] [Sound Library Loader/INFO]: Sound engine started
[01:47:49] [Client thread/INFO]: Connecting to localhost, 25565
[01:47:59] [Client thread/WARN]: Failed to load texture: vortex:textures/models/HARDTOFINDIUM_SWORD.png
java.io.FileNotFoundException: vortex:textures/models/HARDTOFINDIUM_SWORD.png
	at net.minecraft.client.resources.FallbackResourceManager.getResource(FallbackResourceManager.java:65) ~[FallbackResourceManager.class:?]
	at net.minecraft.client.resources.SimpleReloadableResourceManager.getResource(SimpleReloadableResourceManager.java:67) ~[SimpleReloadableResourceManage[01:48:03] [Server thread/INFO]: Player333 has just earned the achievement [Taking Inventory]
[01:48:23] [Server thread/INFO]: Player333 withered away
[01:48:30] [Server thread/INFO]: goldengamer10 lost connection: TextComponent{text='Disconnected', siblings=[], style=Style{hasParent=false, color=null, bold=null, italic=null, underlined=null, obfuscated=null, clickEvent=null, hoverEvent=null}}
[01:48:30] [Server thread/INFO]: goldengamer10 left the game
[01:48:31] [Server thread/INFO]: Player333 lost connection: TranslatableComponent{key='disconnect.genericReason', args=[Internal Exception: java.io.IOException: An existing connection was forcibly closed by the remote host], siblings=[], style=Style{hasParent=false, color=null, bold=null, italic=null, underlined=null, obfuscated=null, clickEvent=null, hoverEvent=null}}
[01:48:31] [Server thread/INFO]: Player333 left the game
[01:48:31] [Server thread/INFO]: Stopping server
[01:48:31] [Server thread/INFO]: Saving players
[01:48:31] [Server thread/INFO]: Saving worlds
[01:48:31] [Server thread/INFO]: Saving chunks for level 'world'/Overworld
[01:48:31] [Server thread/INFO]: Saving chunks for level 'world'/Nether
[01:48:31] [Server thread/INFO]: Saving chunks for level 'world'/The End
rer.entity.RenderPlayer.doRender(RenderPlayer.java:167) [RenderPlayer.class:?]
	at net.minecraft.client.renderer.entity.RenderPlayer.doRender(RenderPlayer.java:565) [RenderPlayer.class:?]
	at net.minecraft.client.renderer.entity.RenderManager.func_147939_a(RenderManager.java:300) [RenderManager.class:?]
	at net.minecraft.client.renderer.entity.RenderManager.renderEntityStatic(RenderManager.java:278) [RenderManager.class:?]
	at net.minecraft.client.renderer.entity.RenderManager.renderEntitySimple(RenderManager.java:251) [RenderManager.class:?]
	at net.minecraft.client.renderer.RenderGlobal.renderEntities(RenderGlobal.java:527) [RenderGlobal.class:?]
	at net.minecraft.client.renderer.EntityRenderer.renderWorld(EntityRenderer.java:1300) [EntityRenderer.class:?]
	at net.minecraft.client.renderer.EntityRenderer.updateCameraAndRender(EntityRenderer.java:1087) [EntityRenderer.class:?]
	at net.minecraft.client.Minecraft.runGameLoop(Minecraft.java:1067) [Minecraft.class:?]
	at net.minecraft.client.Minecraft.run(Minecraft.java:962) [Minecraft.class:?]
	at net.minecraft.client.main.Main.main(Main.java:164) [Main.class:?]
	at sun.reflect.NativeMethodAccessorImpl.invoke0(Native Method) ~[?:1.8.0_60]
	at sun.reflect.NativeMethodAccessorImpl.invoke(NativeMethodAccessorImpl.java:62) ~[?:1.8.0_60]
	at sun.reflect.DelegatingMethodAccessorImpl.invoke(DelegatingMethodAcces[01:48:03] [Client thread/INFO]: [CHAT] Player333 has just earned the achievement [Taking Inventory]
[01:48:23] [Client thread/INFO]: [CHAT] Player333 withered away
[01:48:29] [Client thread/INFO]: Stopping!
hwrapper.Launch.main(Launch.java:28) [launchwrapper-1.12.jar:?]
	at net.minecraftforge.gradle.GradleStartCommon.launch(Unknown Source) [start/:?]
	at GradleStart.main(Unknown Source) [start/:?]
	at sun.reflect.NativeMethodAccessorImpl.invoke0(Native Method) ~[?:1.8.0_60]
	at sun.reflect.NativeMethodAccessorImpl.invoke(NativeMethodAccessorImpl.java:62) ~[?:1.8.0_60]
	at sun.reflect.DelegatingMethodAccessorImpl.invoke(DelegatingMethodAccessorImpl.java:43) ~[?:1.8.0_60]
	at java.lang.reflect.Method.invoke(Method.java:497) ~[?:1.8.0_60]
	at com.intellij.rt.execution.application.AppMain.main(AppMain.java:140) [idea_rt.jar:?]
[01:48:03] [Client thread/INFO]: [CHAT] Player333 has just earned the achievement [Taking Inventory]
[01:48:15] [Client thread/INFO]: [CHAT] Saved screenshot as 2015-10-04_01.48.14.png
[01:48:16] [Client thread/INFO]: [CHAT] Saved screenshot as 2015-10-04_01.48.16.png
[01:48:19] [Client thread/INFO]: [CHAT] Saved screenshot as 2015-10-04_01.48.19.png
[01:48:23] [Client thread/INFO]: [CHAT] Player333 withered away
[01:48:30] [Client thread/INFO]: [CHAT] goldengamer10 left the game
[01:48:30] [Client thread/INFO]: Stopping!
